#
# A fatal error has been detected by the Java Runtime Environment:
#
#  EXCEPTION_ACCESS_VIOLATION (0xc0000005) at pc=0x00000000628610c4, pid=8888, tid=0x00000000000021e4
#
# JRE version: Java(TM) SE Runtime Environment (8.0_161-b12) (build 1.8.0_161-b12)
# Java VM: Java HotSpot(TM) 64-Bit Server VM (25.161-b12 mixed mode windows-amd64 compressed oops)
# Problematic frame:
# V  [jvm.dll+0x4210c4]
#
# Failed to write core dump. Minidumps are not enabled by default on client versions of Windows
#
# If you would like to submit a bug report, please visit:
#   http://bugreport.java.com/bugreport/crash.jsp
#

---------------  T H R E A D  ---------------

Current thread (0x00000000285af800):  JavaThread "C1 CompilerThread3" daemon [_thread_in_native, id=8676, stack(0x0000000028fe0000,0x00000000290e0000)]

siginfo: ExceptionCode=0xc0000005, reading address 0x0000000000000018

Registers:
RAX=0x0000000028725d10, RBX=0x0000000000000008, RCX=0x0000000000000008, RDX=0x0000000028725c20
RSP=0x00000000290dea00, RBP=0x0000000028725c80, RSI=0x0000000028725c20, RDI=0x00000000290dedf0
R8 =0x0000000000000000, R9 =0x0000000000000001, R10=0x0000000000000001, R11=0x0000000028725210
R12=0x0000000000000000, R13=0x0000000000000000, R14=0x0000000000000007, R15=0x0000000028725460
RIP=0x00000000628610c4, EFLAGS=0x0000000000010202

Top of Stack: (sp=0x00000000290dea00)
0x00000000290dea00:   0000000000000008 0000000028725c80
0x00000000290dea10:   0000000028725c20 00000000000000b7
0x00000000290dea20:   0000000000000000 00000000285af801
0x00000000290dea30:   0000000028725c20 000000002acdadb0
0x00000000290dea40:   00000000000000b7 0000000000000000
0x00000000290dea50:   0000000028542750 00000000290dedf0
0x00000000290dea60:   000000002ea95430 00000000000000b7
0x00000000290dea70:   0000000000000000 0000000062861618
0x00000000290dea80:   0000000000000000 000000002ea95430
0x00000000290dea90:   0000000000000000 00000000000000b7
0x00000000290deaa0:   0000000000000000 00000000000000b7
0x00000000290deab0:   00000000290dedf0 000000006285d312
0x00000000290deac0:   000000002ea95430 0000000000000000
0x00000000290dead0:   000000002ea95430 0000000028603978
0x00000000290deae0:   0000000000000000 00000000290dedf0
0x00000000290deaf0:   0000000062aa2438 00000000287df000 

Instructions: (pc=0x00000000628610c4)
0x00000000628610a4:   8b f0 66 66 0f 1f 84 00 00 00 00 00 48 8b 45 38
0x00000000628610b4:   48 63 cb 44 8b cb 4c 8b 04 c8 45 2b ce 48 8b d6
0x00000000628610c4:   49 8b 40 18 48 8b cf 03 58 08 e8 6d ab ff ff 3b
0x00000000628610d4:   5d 30 7c d8 48 8b b4 24 88 00 00 00 44 89 75 30 


Register to memory mapping:

RAX=0x0000000028725d10 is an unknown value
RBX=0x0000000000000008 is an unknown value
RCX=0x0000000000000008 is an unknown value
RDX=0x0000000028725c20 is an unknown value
RSP=0x00000000290dea00 is pointing into the stack for thread: 0x00000000285af800
RBP=0x0000000028725c80 is an unknown value
RSI=0x0000000028725c20 is an unknown value
RDI=0x00000000290dedf0 is pointing into the stack for thread: 0x00000000285af800
R8 =0x0000000000000000 is an unknown value
R9 =0x0000000000000001 is an unknown value
R10=0x0000000000000001 is an unknown value
R11=0x0000000028725210 is an unknown value
R12=0x0000000000000000 is an unknown value
R13=0x0000000000000000 is an unknown value
R14=0x0000000000000007 is an unknown value
R15=0x0000000028725460 is an unknown value


Stack: [0x0000000028fe0000,0x00000000290e0000],  sp=0x00000000290dea00,  free space=1018k
Native frames: (J=compiled Java code, j=interpreted, Vv=VM code, C=native code)
V  [jvm.dll+0x4210c4]
V  [jvm.dll+0x421618]
V  [jvm.dll+0x41d312]
V  [jvm.dll+0x41fcf7]
V  [jvm.dll+0x4205ed]
V  [jvm.dll+0x4209e2]
V  [jvm.dll+0x425ad5]
V  [jvm.dll+0x425be0]
V  [jvm.dll+0x40f178]
V  [jvm.dll+0x40f3e1]
V  [jvm.dll+0x40f5a2]
V  [jvm.dll+0x40f771]
V  [jvm.dll+0x40f97f]
V  [jvm.dll+0xa6052]
V  [jvm.dll+0xa699f]
V  [jvm.dll+0x24533f]
V  [jvm.dll+0x29cc4a]
C  [msvcr100.dll+0x21d9f]
C  [msvcr100.dll+0x21e3b]
C  [KERNEL32.DLL+0x8364]
C  [ntdll.dll+0x67091]


Current CompileTask:
C1:1671668 17790       3       WICKET_org.wickedsource.budgeteer.service.template.TemplateService$$EnhancerByCGLIB$$11cdacd::getTemplatesInProject (248 bytes)


---------------  P R O C E S S  ---------------

Java Threads: ( => current thread )
  0x0000000029f1c000 JavaThread "File Reaper" daemon [_thread_blocked, id=13132, stack(0x000000003b4a0000,0x000000003b5a0000)]
  0x0000000029f14000 JavaThread "http-nio-8080-exec-10" daemon [_thread_blocked, id=13280, stack(0x00000000391b0000,0x00000000392b0000)]
  0x0000000029f17000 JavaThread "ModificationWatcher Task" daemon [_thread_blocked, id=768, stack(0x00000000390b0000,0x00000000391b0000)]
  0x000000002ff03800 JavaThread "http-nio-8080-exec-9" daemon [_thread_blocked, id=7372, stack(0x0000000038fb0000,0x00000000390b0000)]
  0x000000002ff03000 JavaThread "http-nio-8080-exec-8" daemon [_thread_blocked, id=9600, stack(0x0000000038eb0000,0x0000000038fb0000)]
  0x000000002ff00800 JavaThread "http-nio-8080-exec-7" daemon [_thread_blocked, id=4596, stack(0x0000000038db0000,0x0000000038eb0000)]
  0x000000002ff00000 JavaThread "http-nio-8080-exec-6" daemon [_thread_blocked, id=12072, stack(0x0000000038cb0000,0x0000000038db0000)]
  0x000000002ff04800 JavaThread "http-nio-8080-exec-5" daemon [_thread_blocked, id=12900, stack(0x0000000038bb0000,0x0000000038cb0000)]
  0x000000002ff02000 JavaThread "http-nio-8080-exec-4" daemon [_thread_blocked, id=12704, stack(0x0000000038ab0000,0x0000000038bb0000)]
  0x000000002feff000 JavaThread "Wicket-PageSavingThread" daemon [_thread_blocked, id=7708, stack(0x00000000389b0000,0x0000000038ab0000)]
  0x000000002ff05000 JavaThread "http-nio-8080-exec-3" daemon [_thread_blocked, id=6816, stack(0x00000000388b0000,0x00000000389b0000)]
  0x000000002ff06000 JavaThread "http-nio-8080-exec-2" daemon [_thread_in_vm, id=7360, stack(0x00000000387b0000,0x00000000388b0000)]
  0x000000002ff01800 JavaThread "http-nio-8080-exec-1" daemon [_thread_blocked, id=4472, stack(0x0000000038380000,0x0000000038480000)]
  0x000000002f669800 JavaThread "DestroyJavaVM" [_thread_blocked, id=6652, stack(0x0000000002880000,0x0000000002980000)]
  0x000000002f669000 JavaThread "http-nio-8080-AsyncTimeout" daemon [_thread_blocked, id=10044, stack(0x0000000038280000,0x0000000038380000)]
  0x000000002f668000 JavaThread "http-nio-8080-Acceptor-0" daemon [_thread_in_native, id=6900, stack(0x0000000038180000,0x0000000038280000)]
  0x000000002f666000 JavaThread "http-nio-8080-ClientPoller-1" daemon [_thread_in_native, id=12316, stack(0x0000000036ea0000,0x0000000036fa0000)]
  0x000000002f665000 JavaThread "http-nio-8080-ClientPoller-0" daemon [_thread_in_native, id=5932, stack(0x0000000035200000,0x0000000035300000)]
  0x000000002f663800 JavaThread "NioBlockingSelector.BlockPoller-1" daemon [_thread_in_native, id=13160, stack(0x0000000034600000,0x0000000034700000)]
  0x000000002f66a800 JavaThread "Abandoned connection cleanup thread" daemon [_thread_blocked, id=10116, stack(0x0000000034100000,0x0000000034200000)]
  0x000000002f666800 JavaThread "Tomcat JDBC Pool Cleaner[414493378:1525432378745]" daemon [_thread_blocked, id=2096, stack(0x0000000034000000,0x0000000034100000)]
  0x000000002c2f0800 JavaThread "container-0" [_thread_blocked, id=12988, stack(0x0000000031320000,0x0000000031420000)]
  0x000000002c1a5800 JavaThread "ContainerBackgroundProcessor[StandardEngine[Tomcat]]" daemon [_thread_blocked, id=10284, stack(0x0000000030a60000,0x0000000030b60000)]
  0x0000000028ade800 JavaThread "FileSystemWatcher: files=#367 cl=sun.misc.Launcher$AppClassLoader@18b4aac2" daemon [_thread_blocked, id=8372, stack(0x000000002a2b0000,0x000000002a3b0000)]
  0x0000000028636000 JavaThread "Service Thread" daemon [_thread_blocked, id=1828, stack(0x00000000290e0000,0x00000000291e0000)]
=>0x00000000285af800 JavaThread "C1 CompilerThread3" daemon [_thread_in_native, id=8676, stack(0x0000000028fe0000,0x00000000290e0000)]
  0x00000000285af000 JavaThread "C2 CompilerThread2" daemon [_thread_blocked, id=6948, stack(0x0000000028ee0000,0x0000000028fe0000)]
  0x00000000285a8000 JavaThread "C2 CompilerThread1" daemon [_thread_blocked, id=7820, stack(0x0000000028de0000,0x0000000028ee0000)]
  0x00000000285a4800 JavaThread "C2 CompilerThread0" daemon [_thread_blocked, id=6872, stack(0x0000000028ce0000,0x0000000028de0000)]
  0x000000002859a000 JavaThread "JDWP Event Helper Thread" daemon [_thread_blocked, id=4068, stack(0x0000000028be0000,0x0000000028ce0000)]
  0x0000000028505800 JavaThread "JDWP Transport Listener: dt_socket" daemon [_thread_in_native, id=8424, stack(0x0000000028ae0000,0x0000000028be0000)]
  0x0000000027b27800 JavaThread "Attach Listener" daemon [_thread_blocked, id=10476, stack(0x00000000281e0000,0x00000000282e0000)]
  0x0000000027b26800 JavaThread "Signal Dispatcher" daemon [_thread_blocked, id=7000, stack(0x00000000280e0000,0x00000000281e0000)]
  0x0000000027b10800 JavaThread "Finalizer" daemon [_thread_blocked, id=6992, stack(0x0000000027ef0000,0x0000000027ff0000)]
  0x0000000025c22800 JavaThread "Reference Handler" daemon [_thread_blocked, id=6836, stack(0x00000000279f0000,0x0000000027af0000)]

Other Threads:
  0x0000000025c1a000 VMThread [stack: 0x00000000278f0000,0x00000000279f0000] [id=4668]
  0x0000000028611000 WatcherThread [stack: 0x00000000291e0000,0x00000000292e0000] [id=10488]

VM state:not at safepoint (normal execution)

VM Mutex/Monitor currently owned by a thread: None

Heap:
 PSYoungGen      total 445952K, used 284266K [0x0000000715f80000, 0x0000000734180000, 0x00000007c0000000)
  eden space 420352K, 61% used [0x0000000715f80000,0x0000000725c89438,0x000000072fa00000)
  from space 25600K, 98% used [0x0000000732880000,0x00000007341115b0,0x0000000734180000)
  to   space 35840K, 0% used [0x000000072fb80000,0x000000072fb80000,0x0000000731e80000)
 ParOldGen       total 518656K, used 68648K [0x00000005c1e00000, 0x00000005e1880000, 0x0000000715f80000)
  object space 518656K, 13% used [0x00000005c1e00000,0x00000005c610a1c8,0x00000005e1880000)
 Metaspace       used 89605K, capacity 92338K, committed 92416K, reserved 1132544K
  class space    used 9276K, capacity 9728K, committed 9728K, reserved 1048576K

Card table byte_map: [0x0000000011fd0000,0x0000000012fd0000] byte_map_base: 0x000000000f1c1000

Marking Bits: (ParMarkBitMap*) 0x0000000062c5f860
 Begin Bits: [0x0000000014280000, 0x000000001c208000)
 End Bits:   [0x000000001c208000, 0x0000000024190000)

Polling page: 0x0000000000fd0000

CodeCache: size=245760Kb used=56549Kb max_used=56561Kb free=189210Kb
 bounds [0x0000000002c10000, 0x00000000063a0000, 0x0000000011c10000]
 total_blobs=14988 nmethods=14395 adapters=511
 compilation: enabled

Compilation events (10 events):
Event: 1671.235 Thread 0x00000000285af800 17785       3       java.net.InetSocketAddress::checkPort (39 bytes)
Event: 1671.236 Thread 0x00000000285af800 nmethod 17785 0x0000000006390690 code [0x0000000006390880, 0x00000000063910d8]
Event: 1671.246 Thread 0x00000000285af800 17787       3       java.util.HashMap::readObject (266 bytes)
Event: 1671.247 Thread 0x00000000285a8000 17788       4       java.util.Collections$UnmodifiableList::get (11 bytes)
Event: 1671.248 Thread 0x00000000285af800 nmethod 17787 0x0000000006395d90 code [0x00000000063961c0, 0x0000000006398338]
Event: 1671.248 Thread 0x00000000285af800 17786   !   3       sun.reflect.GeneratedSerializationConstructorAccessor3::newInstance (49 bytes)
Event: 1671.248 Thread 0x00000000285af800 nmethod 17786 0x0000000006395410 code [0x00000000063955c0, 0x0000000006395a88]
Event: 1671.249 Thread 0x00000000285a8000 nmethod 17788 0x0000000006393910 code [0x0000000006393a60, 0x0000000006393c98]
Event: 1671.327 Thread 0x00000000285af000 17789       4       org.apache.wicket.util.string.AppendingStringBuffer::toString (17 bytes)
Event: 1671.328 Thread 0x00000000285af800 17790       3       WICKET_org.wickedsource.budgeteer.service.template.TemplateService$$EnhancerByCGLIB$$11cdacd::getTemplatesInProject (248 bytes)

GC Heap History (10 events):
Event: 1314.281 GC heap before
{Heap before GC invocations=17 (full 3):
 PSYoungGen      total 501248K, used 501230K [0x0000000715f80000, 0x0000000736980000, 0x00000007c0000000)
  eden space 475136K, 100% used [0x0000000715f80000,0x0000000732f80000,0x0000000732f80000)
  from space 26112K, 99% used [0x0000000733f00000,0x000000073587b9d8,0x0000000735880000)
  to   space 17408K, 0% used [0x0000000735880000,0x0000000735880000,0x0000000736980000)
 ParOldGen       total 518656K, used 55163K [0x00000005c1e00000, 0x00000005e1880000, 0x0000000715f80000)
  object space 518656K, 10% used [0x00000005c1e00000,0x00000005c53def68,0x00000005e1880000)
 Metaspace       used 84164K, capacity 86650K, committed 86912K, reserved 1126400K
  class space    used 8834K, capacity 9262K, committed 9344K, reserved 1048576K
Event: 1314.295 GC heap after
Heap after GC invocations=17 (full 3):
 PSYoungGen      total 480768K, used 17389K [0x0000000715f80000, 0x0000000736980000, 0x00000007c0000000)
  eden space 463360K, 0% used [0x0000000715f80000,0x0000000715f80000,0x0000000732400000)
  from space 17408K, 99% used [0x0000000735880000,0x000000073697b6b0,0x0000000736980000)
  to   space 33792K, 0% used [0x0000000732780000,0x0000000732780000,0x0000000734880000)
 ParOldGen       total 518656K, used 68616K [0x00000005c1e00000, 0x00000005e1880000, 0x0000000715f80000)
  object space 518656K, 13% used [0x00000005c1e00000,0x00000005c61021c8,0x00000005e1880000)
 Metaspace       used 84164K, capacity 86650K, committed 86912K, reserved 1126400K
  class space    used 8834K, capacity 9262K, committed 9344K, reserved 1048576K
}
Event: 1609.585 GC heap before
{Heap before GC invocations=18 (full 3):
 PSYoungGen      total 480768K, used 480749K [0x0000000715f80000, 0x0000000736980000, 0x00000007c0000000)
  eden space 463360K, 100% used [0x0000000715f80000,0x0000000732400000,0x0000000732400000)
  from space 17408K, 99% used [0x0000000735880000,0x000000073697b6b0,0x0000000736980000)
  to   space 33792K, 0% used [0x0000000732780000,0x0000000732780000,0x0000000734880000)
 ParOldGen       total 518656K, used 68616K [0x00000005c1e00000, 0x00000005e1880000, 0x0000000715f80000)
  object space 518656K, 13% used [0x00000005c1e00000,0x00000005c61021c8,0x00000005e1880000)
 Metaspace       used 88723K, capacity 91294K, committed 91392K, reserved 1130496K
  class space    used 9267K, capacity 9714K, committed 9728K, reserved 1048576K
Event: 1609.601 GC heap after
Heap after GC invocations=18 (full 3):
 PSYoungGen      total 476160K, used 23818K [0x0000000715f80000, 0x0000000735d00000, 0x00000007c0000000)
  eden space 452096K, 0% used [0x0000000715f80000,0x0000000715f80000,0x0000000731900000)
  from space 24064K, 98% used [0x0000000732780000,0x0000000733ec2b20,0x0000000733f00000)
  to   space 30720K, 0% used [0x0000000733f00000,0x0000000733f00000,0x0000000735d00000)
 ParOldGen       total 518656K, used 68624K [0x00000005c1e00000, 0x00000005e1880000, 0x0000000715f80000)
  object space 518656K, 13% used [0x00000005c1e00000,0x00000005c61041c8,0x00000005e1880000)
 Metaspace       used 88723K, capacity 91294K, committed 91392K, reserved 1130496K
  class space    used 9267K, capacity 9714K, committed 9728K, reserved 1048576K
}
Event: 1662.942 GC heap before
{Heap before GC invocations=19 (full 3):
 PSYoungGen      total 476160K, used 475914K [0x0000000715f80000, 0x0000000735d00000, 0x00000007c0000000)
  eden space 452096K, 100% used [0x0000000715f80000,0x0000000731900000,0x0000000731900000)
  from space 24064K, 98% used [0x0000000732780000,0x0000000733ec2b20,0x0000000733f00000)
  to   space 30720K, 0% used [0x0000000733f00000,0x0000000733f00000,0x0000000735d00000)
 ParOldGen       total 518656K, used 68624K [0x00000005c1e00000, 0x00000005e1880000, 0x0000000715f80000)
  object space 518656K, 13% used [0x00000005c1e00000,0x00000005c61041c8,0x00000005e1880000)
 Metaspace       used 89042K, capacity 91668K, committed 91904K, reserved 1132544K
  class space    used 9272K, capacity 9723K, committed 9728K, reserved 1048576K
Event: 1662.955 GC heap after
Heap after GC invocations=19 (full 3):
 PSYoungGen      total 463872K, used 22481K [0x0000000715f80000, 0x0000000735500000, 0x00000007c0000000)
  eden space 441344K, 0% used [0x0000000715f80000,0x0000000715f80000,0x0000000730e80000)
  from space 22528K, 99% used [0x0000000733f00000,0x00000007354f45d8,0x0000000735500000)
  to   space 34816K, 0% used [0x0000000731100000,0x0000000731100000,0x0000000733300000)
 ParOldGen       total 518656K, used 68632K [0x00000005c1e00000, 0x00000005e1880000, 0x0000000715f80000)
  object space 518656K, 13% used [0x00000005c1e00000,0x00000005c61061c8,0x00000005e1880000)
 Metaspace       used 89042K, capacity 91668K, committed 91904K, reserved 1132544K
  class space    used 9272K, capacity 9723K, committed 9728K, reserved 1048576K
}
Event: 1666.312 GC heap before
{Heap before GC invocations=20 (full 3):
 PSYoungGen      total 463872K, used 463825K [0x0000000715f80000, 0x0000000735500000, 0x00000007c0000000)
  eden space 441344K, 100% used [0x0000000715f80000,0x0000000730e80000,0x0000000730e80000)
  from space 22528K, 99% used [0x0000000733f00000,0x00000007354f45d8,0x0000000735500000)
  to   space 34816K, 0% used [0x0000000731100000,0x0000000731100000,0x0000000733300000)
 ParOldGen       total 518656K, used 68632K [0x00000005c1e00000, 0x00000005e1880000, 0x0000000715f80000)
  object space 518656K, 13% used [0x00000005c1e00000,0x00000005c61061c8,0x00000005e1880000)
 Metaspace       used 89395K, capacity 92146K, committed 92416K, reserved 1132544K
  class space    used 9276K, capacity 9728K, committed 9728K, reserved 1048576K
Event: 1666.325 GC heap after
Heap after GC invocations=20 (full 3):
 PSYoungGen      total 454656K, used 23566K [0x0000000715f80000, 0x0000000734800000, 0x00000007c0000000)
  eden space 430592K, 0% used [0x0000000715f80000,0x0000000715f80000,0x0000000730400000)
  from space 24064K, 97% used [0x0000000731100000,0x0000000732803938,0x0000000732880000)
  to   space 32256K, 0% used [0x0000000732880000,0x0000000732880000,0x0000000734800000)
 ParOldGen       total 518656K, used 68640K [0x00000005c1e00000, 0x00000005e1880000, 0x0000000715f80000)
  object space 518656K, 13% used [0x00000005c1e00000,0x00000005c61081c8,0x00000005e1880000)
 Metaspace       used 89395K, capacity 92146K, committed 92416K, reserved 1132544K
  class space    used 9276K, capacity 9728K, committed 9728K, reserved 1048576K
}
Event: 1669.509 GC heap before
{Heap before GC invocations=21 (full 3):
 PSYoungGen      total 454656K, used 454158K [0x0000000715f80000, 0x0000000734800000, 0x00000007c0000000)
  eden space 430592K, 100% used [0x0000000715f80000,0x0000000730400000,0x0000000730400000)
  from space 24064K, 97% used [0x0000000731100000,0x0000000732803938,0x0000000732880000)
  to   space 32256K, 0% used [0x0000000732880000,0x0000000732880000,0x0000000734800000)
 ParOldGen       total 518656K, used 68640K [0x00000005c1e00000, 0x00000005e1880000, 0x0000000715f80000)
  object space 518656K, 13% used [0x00000005c1e00000,0x00000005c61081c8,0x00000005e1880000)
 Metaspace       used 89504K, capacity 92210K, committed 92416K, reserved 1132544K
  class space    used 9276K, capacity 9728K, committed 9728K, reserved 1048576K
Event: 1669.524 GC heap after
Heap after GC invocations=21 (full 3):
 PSYoungGen      total 445952K, used 25157K [0x0000000715f80000, 0x0000000734180000, 0x00000007c0000000)
  eden space 420352K, 0% used [0x0000000715f80000,0x0000000715f80000,0x000000072fa00000)
  from space 25600K, 98% used [0x0000000732880000,0x00000007341115b0,0x0000000734180000)
  to   space 35840K, 0% used [0x000000072fb80000,0x000000072fb80000,0x0000000731e80000)
 ParOldGen       total 518656K, used 68648K [0x00000005c1e00000, 0x00000005e1880000, 0x0000000715f80000)
  object space 518656K, 13% used [0x00000005c1e00000,0x00000005c610a1c8,0x00000005e1880000)
 Metaspace       used 89504K, capacity 92210K, committed 92416K, reserved 1132544K
  class space    used 9276K, capacity 9728K, committed 9728K, reserved 1048576K
}

Deoptimization events (10 events):
Event: 1589.827 Thread 0x000000002ff06000 Uncommon trap: reason=array_check action=maybe_recompile pc=0x0000000005536720 method=java.util.Arrays.fill([Ljava/lang/Object;IILjava/lang/Object;)V @ 20
Event: 1643.211 Thread 0x000000002ff06000 Uncommon trap: reason=unstable_if action=reinterpret pc=0x00000000035ad800 method=java.lang.Long.stringSize(J)I @ 11
Event: 1645.850 Thread 0x000000002ff01800 Uncommon trap: reason=array_check action=maybe_recompile pc=0x0000000005536720 method=java.util.Arrays.fill([Ljava/lang/Object;IILjava/lang/Object;)V @ 20
Event: 1645.850 Thread 0x000000002ff01800 Uncommon trap: reason=array_check action=maybe_recompile pc=0x000000000546db50 method=java.util.Arrays.fill([Ljava/lang/Object;IILjava/lang/Object;)V @ 20
Event: 1648.423 Thread 0x000000002ff03800 Uncommon trap: reason=class_check action=maybe_recompile pc=0x00000000049ad390 method=org.apache.xmlbeans.impl.store.CharUtil.getChars([CILjava/lang/Object;II)V @ 84
Event: 1663.242 Thread 0x000000002ff00800 Uncommon trap: reason=class_check action=maybe_recompile pc=0x0000000003923230 method=java.util.HashMap.removeNode(ILjava/lang/Object;Ljava/lang/Object;ZZ)Ljava/util/HashMap$Node; @ 143
Event: 1663.468 Thread 0x000000002ff01800 Uncommon trap: reason=class_check action=maybe_recompile pc=0x0000000003923230 method=java.util.HashMap.removeNode(ILjava/lang/Object;Ljava/lang/Object;ZZ)Ljava/util/HashMap$Node; @ 143
Event: 1663.785 Thread 0x000000002ff01800 Uncommon trap: reason=class_check action=maybe_recompile pc=0x0000000003923230 method=java.util.HashMap.removeNode(ILjava/lang/Object;Ljava/lang/Object;ZZ)Ljava/util/HashMap$Node; @ 143
Event: 1663.906 Thread 0x0000000029f14000 Uncommon trap: reason=class_check action=maybe_recompile pc=0x0000000003923230 method=java.util.HashMap.removeNode(ILjava/lang/Object;Ljava/lang/Object;ZZ)Ljava/util/HashMap$Node; @ 143
Event: 1664.017 Thread 0x000000002ff02000 Uncommon trap: reason=class_check action=maybe_recompile pc=0x0000000004c4a08c method=java.util.HashMap.removeNode(ILjava/lang/Object;Ljava/lang/Object;ZZ)Ljava/util/HashMap$Node; @ 143

Classes redefined (0 events):
No events

Internal exceptions (10 events):
Event: 1670.341 Thread 0x000000002ff03800 Exception <a 'java/io/IOException'> (0x000000071d8835f0) thrown at [C:\re\workspace\8-2-build-windows-amd64-cygwin\jdk8u161\10277\hotspot\src\share\vm\prims\jni.cpp, line 709]
Event: 1670.449 Thread 0x000000002ff06000 Exception <a 'java/io/IOException'> (0x000000071e62ea08) thrown at [C:\re\workspace\8-2-build-windows-amd64-cygwin\jdk8u161\10277\hotspot\src\share\vm\prims\jni.cpp, line 709]
Event: 1670.571 Thread 0x0000000029f14000 Exception <a 'java/io/IOException'> (0x000000071f5d5260) thrown at [C:\re\workspace\8-2-build-windows-amd64-cygwin\jdk8u161\10277\hotspot\src\share\vm\prims\jni.cpp, line 709]
Event: 1670.683 Thread 0x000000002ff03000 Exception <a 'java/io/IOException'> (0x00000007203ca2e0) thrown at [C:\re\workspace\8-2-build-windows-amd64-cygwin\jdk8u161\10277\hotspot\src\share\vm\prims\jni.cpp, line 709]
Event: 1670.789 Thread 0x000000002ff04800 Exception <a 'java/io/IOException'> (0x000000072138d830) thrown at [C:\re\workspace\8-2-build-windows-amd64-cygwin\jdk8u161\10277\hotspot\src\share\vm\prims\jni.cpp, line 709]
Event: 1670.799 Thread 0x000000002ff00000 Exception <a 'java/io/IOException'> (0x000000072146ffd0) thrown at [C:\re\workspace\8-2-build-windows-amd64-cygwin\jdk8u161\10277\hotspot\src\share\vm\prims\jni.cpp, line 709]
Event: 1670.902 Thread 0x000000002ff00800 Exception <a 'java/io/IOException'> (0x00000007222920c8) thrown at [C:\re\workspace\8-2-build-windows-amd64-cygwin\jdk8u161\10277\hotspot\src\share\vm\prims\jni.cpp, line 709]
Event: 1671.002 Thread 0x000000002ff02000 Exception <a 'java/io/IOException'> (0x00000007230549b8) thrown at [C:\re\workspace\8-2-build-windows-amd64-cygwin\jdk8u161\10277\hotspot\src\share\vm\prims\jni.cpp, line 709]
Event: 1671.115 Thread 0x000000002ff04800 Exception <a 'java/io/IOException'> (0x0000000723f587c0) thrown at [C:\re\workspace\8-2-build-windows-amd64-cygwin\jdk8u161\10277\hotspot\src\share\vm\prims\jni.cpp, line 709]
Event: 1671.243 Thread 0x000000002ff03800 Exception <a 'java/io/IOException'> (0x0000000724efcc90) thrown at [C:\re\workspace\8-2-build-windows-amd64-cygwin\jdk8u161\10277\hotspot\src\share\vm\prims\jni.cpp, line 709]

Events (10 events):
Event: 1671.243 Thread 0x000000002ff03800 DEOPT PACKING pc=0x0000000003238174 sp=0x00000000390ae300
Event: 1671.243 Thread 0x000000002ff03800 DEOPT UNPACKING pc=0x0000000002c57890 sp=0x00000000390ae048 mode 1
Event: 1671.243 Thread 0x000000002ff03800 DEOPT PACKING pc=0x0000000004fd56a4 sp=0x00000000390ae3a0
Event: 1671.243 Thread 0x000000002ff03800 DEOPT UNPACKING pc=0x0000000002c57890 sp=0x00000000390ae110 mode 1
Event: 1671.243 Thread 0x000000002ff03800 DEOPT PACKING pc=0x000000000344071c sp=0x00000000390ae4a0
Event: 1671.243 Thread 0x000000002ff03800 DEOPT UNPACKING pc=0x0000000002c57890 sp=0x00000000390ae1d0 mode 1
Event: 1671.243 Thread 0x000000002ff03800 DEOPT PACKING pc=0x0000000005f569c4 sp=0x00000000390ae4f0
Event: 1671.243 Thread 0x000000002ff03800 DEOPT UNPACKING pc=0x0000000002c57890 sp=0x00000000390ae0e0 mode 1
Event: 1671.243 Thread 0x000000002ff03800 DEOPT PACKING pc=0x0000000005953b34 sp=0x00000000390ae590
Event: 1671.243 Thread 0x000000002ff03800 DEOPT UNPACKING pc=0x0000000002c57890 sp=0x00000000390ae450 mode 1


Dynamic libraries:
0x00007ff682ab0000 - 0x00007ff682ae7000 	C:\Program Files\Java\jdk1.8.0_161\bin\java.exe
0x00007fffe20e0000 - 0x00007fffe22b2000 	C:\WINDOWS\SYSTEM32\ntdll.dll
0x00007fffe16e0000 - 0x00007fffe178c000 	C:\WINDOWS\System32\KERNEL32.DLL
0x00007fffdeeb0000 - 0x00007fffdf0cd000 	C:\WINDOWS\System32\KERNELBASE.dll
0x00007fffe2030000 - 0x00007fffe20d2000 	C:\WINDOWS\System32\ADVAPI32.dll
0x00007fffe1420000 - 0x00007fffe14be000 	C:\WINDOWS\System32\msvcrt.dll
0x00007fffdfbe0000 - 0x00007fffdfc39000 	C:\WINDOWS\System32\sechost.dll
0x00007fffdf950000 - 0x00007fffdfa71000 	C:\WINDOWS\System32\RPCRT4.dll
0x00007fffe1790000 - 0x00007fffe18f5000 	C:\WINDOWS\System32\USER32.dll
0x00007fffdf2a0000 - 0x00007fffdf2be000 	C:\WINDOWS\System32\win32u.dll
0x00007fffdf670000 - 0x00007fffdf6a4000 	C:\WINDOWS\System32\GDI32.dll
0x00007fffdf2c0000 - 0x00007fffdf440000 	C:\WINDOWS\System32\gdi32full.dll
0x00007fffd8c90000 - 0x00007fffd8f0a000 	C:\WINDOWS\WinSxS\amd64_microsoft.windows.common-controls_6595b64144ccf1df_6.0.14393.953_none_42151e83c686086b\COMCTL32.dll
0x00007fffe1150000 - 0x00007fffe1418000 	C:\WINDOWS\System32\combase.dll
0x00007fffde5e0000 - 0x00007fffde6d5000 	C:\WINDOWS\System32\ucrtbase.dll
0x00007fffdf440000 - 0x00007fffdf4aa000 	C:\WINDOWS\System32\bcryptPrimitives.dll
0x00007fffdf6b0000 - 0x00007fffdf6de000 	C:\WINDOWS\System32\IMM32.DLL
0x0000000062ce0000 - 0x0000000062db2000 	C:\Program Files\Java\jdk1.8.0_161\jre\bin\msvcr100.dll
0x0000000062440000 - 0x0000000062cdf000 	C:\Program Files\Java\jdk1.8.0_161\jre\bin\server\jvm.dll
0x00007fffe1b00000 - 0x00007fffe1b08000 	C:\WINDOWS\System32\PSAPI.DLL
0x00007fffd9160000 - 0x00007fffd916a000 	C:\WINDOWS\SYSTEM32\VERSION.dll
0x00007fffd0150000 - 0x00007fffd0159000 	C:\WINDOWS\SYSTEM32\WSOCK32.dll
0x00007fffdcb30000 - 0x00007fffdcb53000 	C:\WINDOWS\SYSTEM32\WINMM.dll
0x00007fffe1b90000 - 0x00007fffe1bfa000 	C:\WINDOWS\System32\WS2_32.dll
0x0000000002810000 - 0x000000000283b000 	C:\WINDOWS\SYSTEM32\WINMMBASE.dll
0x00007fffde780000 - 0x00007fffde7c2000 	C:\WINDOWS\System32\cfgmgr32.dll
0x0000000063ac0000 - 0x0000000063acf000 	C:\Program Files\Java\jdk1.8.0_161\jre\bin\verify.dll
0x0000000062410000 - 0x0000000062439000 	C:\Program Files\Java\jdk1.8.0_161\jre\bin\java.dll
0x0000000062360000 - 0x0000000062395000 	C:\Program Files\Java\jdk1.8.0_161\jre\bin\jdwp.dll
0x0000000062330000 - 0x0000000062353000 	C:\Program Files\Java\jdk1.8.0_161\jre\bin\instrument.dll
0x0000000062320000 - 0x0000000062328000 	C:\Program Files\Java\jdk1.8.0_161\jre\bin\npt.dll
0x00000000623f0000 - 0x0000000062406000 	C:\Program Files\Java\jdk1.8.0_161\jre\bin\zip.dll
0x00007fffdfc40000 - 0x00007fffe1149000 	C:\WINDOWS\System32\SHELL32.dll
0x00007fffde7d0000 - 0x00007fffdeea9000 	C:\WINDOWS\System32\windows.storage.dll
0x00007fffde590000 - 0x00007fffde5dc000 	C:\WINDOWS\System32\powrprof.dll
0x00007fffdf7b0000 - 0x00007fffdf802000 	C:\WINDOWS\System32\shlwapi.dll
0x00007fffde570000 - 0x00007fffde57f000 	C:\WINDOWS\System32\kernel.appcore.dll
0x00007fffdf560000 - 0x00007fffdf609000 	C:\WINDOWS\System32\shcore.dll
0x00007fffde550000 - 0x00007fffde564000 	C:\WINDOWS\System32\profapi.dll
0x0000000062310000 - 0x0000000062319000 	C:\Program Files\Java\jdk1.8.0_161\jre\bin\dt_socket.dll
0x00007fffdde20000 - 0x00007fffdde7c000 	C:\WINDOWS\system32\mswsock.dll
0x00000000623d0000 - 0x00000000623ea000 	C:\Program Files\Java\jdk1.8.0_161\jre\bin\net.dll
0x00007fffd0c60000 - 0x00007fffd0c76000 	C:\WINDOWS\system32\napinsp.dll
0x00007fffd0c40000 - 0x00007fffd0c5a000 	C:\WINDOWS\system32\pnrpnsp.dll
0x00007fffdc580000 - 0x00007fffdc598000 	C:\WINDOWS\system32\NLAapi.dll
0x00007fffddbe0000 - 0x00007fffddc81000 	C:\WINDOWS\SYSTEM32\DNSAPI.dll
0x00007fffdf7a0000 - 0x00007fffdf7a8000 	C:\WINDOWS\System32\NSI.dll
0x00007fffddba0000 - 0x00007fffddbd8000 	C:\WINDOWS\SYSTEM32\IPHLPAPI.DLL
0x00007fffd0c30000 - 0x00007fffd0c3e000 	C:\WINDOWS\System32\winrnr.dll
0x00007fffcfec0000 - 0x00007fffcfed5000 	C:\WINDOWS\System32\wshbth.dll
0x00007fffd7fc0000 - 0x00007fffd7fca000 	C:\Windows\System32\rasadhlp.dll
0x00007fffdc050000 - 0x00007fffdc0ba000 	C:\WINDOWS\System32\fwpuclnt.dll
0x00007fffde490000 - 0x00007fffde4bb000 	C:\WINDOWS\SYSTEM32\bcrypt.dll
0x00000000623a0000 - 0x00000000623ad000 	C:\Program Files\Java\jdk1.8.0_161\jre\bin\management.dll
0x00000000623b0000 - 0x00000000623c1000 	C:\Program Files\Java\jdk1.8.0_161\jre\bin\nio.dll
0x00007fffddfc0000 - 0x00007fffddfd7000 	C:\WINDOWS\SYSTEM32\CRYPTSP.dll
0x00007fffdda30000 - 0x00007fffdda63000 	C:\WINDOWS\system32\rsaenh.dll
0x00007fffddca0000 - 0x00007fffddcbf000 	C:\WINDOWS\SYSTEM32\USERENV.dll
0x00007fffddfe0000 - 0x00007fffddfeb000 	C:\WINDOWS\SYSTEM32\CRYPTBASE.dll
0x00007fffdada0000 - 0x00007fffdadb6000 	C:\WINDOWS\SYSTEM32\dhcpcsvc6.DLL
0x00007fffdad80000 - 0x00007fffdad9a000 	C:\WINDOWS\SYSTEM32\dhcpcsvc.DLL
0x00007fffd0160000 - 0x00007fffd02f2000 	C:\WINDOWS\SYSTEM32\dbghelp.dll

VM Arguments:
jvm_args: -Dserver.port=8080 -Dspring.datasource.driverClassName=org.hsqldb.jdbcDriver -Dspring.datasource.password -Dspring.datasource.url=jdbc:hsqldb:hsql://localhost/budgeteer -Dspring.datasource.username=sa -Dspring.jpa.hibernate.ddl-auto=update -Dwicket.configurationType=DEVELOPMENT -Xdebug -Xrunjdwp:transport=dt_socket,server=y,suspend=n,address=9009 -javaagent:C:\Users\atanasov\.gradle\caches\modules-2\files-2.1\org.springframework\springloaded\1.2.5.RELEASE\5286364198a1f41d028c1d758ef7e44d2b63d6b1\springloaded-1.2.5.RELEASE.jar -Xverify:none -Dfile.encoding=windows-1252 -Duser.country=US -Duser.language=en -Duser.variant 
java_command: org.wickedsource.budgeteer.boot.BudgeteerBooter
java_class_path (initial): C:\Users\atanasov\eclipse-workspace\budgeteer\budgeteer-web-interface\build\classes\java\main;C:\Users\atanasov\eclipse-workspace\budgeteer\budgeteer-web-interface\build\resources\main;C:\Users\atanasov\eclipse-workspace\budgeteer\budgeteer-web-interface\lib\ojdbc7.jar;C:\Users\atanasov\eclipse-workspace\budgeteer\budgeteer-web-interface\lib\orai18n.jar;C:\Users\atanasov\eclipse-workspace\budgeteer\budgeteer-aproda-importer\build\libs\budgeteer-aproda-importer-1.0.9.BETA-local.jar;C:\Users\atanasov\eclipse-workspace\budgeteer\budgeteer-ubw-importer\build\libs\budgeteer-ubw-importer-1.0.9.BETA-local.jar;C:\Users\atanasov\eclipse-workspace\budgeteer\budgeteer-resourceplan-importer\build\libs\budgeteer-resourceplan-importer-1.0.9.BETA-local.jar;C:\Users\atanasov\eclipse-workspace\budgeteer\budgeteer-report-exporter\build\libs\budgeteer-report-exporter-1.0.9.BETA-local.jar;C:\Users\atanasov\.gradle\caches\modules-2\files-2.1\org.apache.wicket\wicket-spring\7.6.0\8a40929d0b76c0fd65d4b6a71526ad316f98cdf9\wicket-spring-7.6.0.jar;C:\Users\atanasov\.gradle\caches\modules-2\files-2.1\org.wicketstuff\wicketstuff-lazymodel\7.6.0\ce00fb8d51e3bb8180119fb6384db1c44602d352\wicketstuff-lazymodel-7.6.0.jar;C:\Users\atanasov\.gradle\caches\modules-2\files-2.1\de.adesso.wicked-charts\wicked-charts-wicket7\3.0.0\59d8c8b26bec352981c4383b54b7d57ee1f13d2c\wicked-charts-wicket7-3.0.0.jar;C:\Users\atanasov\.gradle\caches\modules-2\files-2.1\org.springframework.boot\spring-boot-starter-web\1.5.2.RELEASE\27f29876980c079b46be16b759eafe92720f3338\spring-boot-starter-web-1.5.2.RELEASE.jar;C:\Users\atanasov\.gradle\caches\modules-2\files-2.1\org.springframework\spring-webmvc\4.3.6.RELEASE\ea55690d6d61ad70e2569db1e1add1603e427862\spring-webmvc-4.3.6.RELEASE.jar;C:\Users\atanasov\.gradle\caches\modules-2\files-2.1\org.springframework.boot\spring-boot-starter-data-jpa\1.5.2.RELEASE\9e2dfd470f0df4a7ba00a71ca462aeefbd382a4d\spring-boot-starter-data-jpa-1.5.2.RELEASE.jar;C:\
Launcher Type: SUN_STANDARD

Environment Variables:
JAVA_HOME=C:\Program Files\Java\jdk1.8.0_161
PATH=C:\oraclexe\app\oracle\product\11.2.0\server\bin;;C:\Program Files (x86)\Common Files\Oracle\Java\javapath;C:\ProgramData\Oracle\Java\javapath;C:\WINDOWS\system32;C:\WINDOWS;C:\WINDOWS\System32\Wbem;C:\WINDOWS\System32\WindowsPowerShell\v1.0\;C:\Program Files\dotnet\;C:\Program Files\nodejs\;C:\Program Files\Git\cmd;C:\Users\atanasov\AppData\Local\Microsoft\WindowsApps;C:\Users\atanasov\AppData\Local\atom\bin;C:\Users\atanasov\Desktop\terminalMath-master\windows\bin\Release;C:\Program Files\apache-maven-3.5.2\bin;C:\Users\atanasov\eclipse-workspace\slavicTales\VS_libs
USERNAME=atanasov
OS=Windows_NT
PROCESSOR_IDENTIFIER=Intel64 Family 6 Model 58 Stepping 9, GenuineIntel



---------------  S Y S T E M  ---------------

OS: Windows 10.0 , 64 bit Build 14393 (10.0.14393.2189)

CPU:total 8 (initial active 8) (4 cores per cpu, 2 threads per core) family 6 model 58 stepping 9, cmov, cx8, fxsr, mmx, sse, sse2, sse3, ssse3, sse4.1, sse4.2, popcnt, avx, aes, clmul, erms, ht, tsc, tscinvbit, tscinv

Memory: 4k page, physical 33426436k(24633752k free), swap 38407172k(27158408k free)

vm_info: Java HotSpot(TM) 64-Bit Server VM (25.161-b12) for windows-amd64 JRE (1.8.0_161-b12), built on Dec 19 2017 17:52:25 by "java_re" with MS VC++ 10.0 (VS2010)

time: Fri May 04 13:40:44 2018
elapsed time: 1671 seconds (0d 0h 27m 51s)

