#
# A fatal error has been detected by the Java Runtime Environment:
#
#  EXCEPTION_ACCESS_VIOLATION (0xc0000005) at pc=0x000000005c112c24, pid=7712, tid=0x0000000000002bf4
#
# JRE version: Java(TM) SE Runtime Environment (8.0_181-b13) (build 1.8.0_181-b13)
# Java VM: Java HotSpot(TM) 64-Bit Server VM (25.181-b13 mixed mode windows-amd64 compressed oops)
# Problematic frame:
# V  [jvm.dll+0x422c24]
#
# Failed to write core dump. Minidumps are not enabled by default on client versions of Windows
#
# If you would like to submit a bug report, please visit:
#   http://bugreport.java.com/bugreport/crash.jsp
#

---------------  T H R E A D  ---------------

Current thread (0x000000002b161000):  JavaThread "C1 CompilerThread3" daemon [_thread_in_native, id=11252, stack(0x000000002bb80000,0x000000002bc80000)]

siginfo: ExceptionCode=0xc0000005, reading address 0x0000000000000018

Registers:
RAX=0x000000002bfa7240, RBX=0x0000000000000008, RCX=0x0000000000000008, RDX=0x000000002bfa7150
RSP=0x000000002bc7ead0, RBP=0x000000002bfa71b0, RSI=0x000000002bfa7150, RDI=0x000000002bc7eec0
R8 =0x0000000000000000, R9 =0x0000000000000001, R10=0x0000000000000001, R11=0x000000002bfa6740
R12=0x0000000000000000, R13=0x0000000000000000, R14=0x0000000000000007, R15=0x000000002bfa6990
RIP=0x000000005c112c24, EFLAGS=0x0000000000010202

Top of Stack: (sp=0x000000002bc7ead0)
0x000000002bc7ead0:   0000000000000008 000000002bfa71b0
0x000000002bc7eae0:   000000002bfa7150 00000000000000b7
0x000000002bc7eaf0:   0000000000000000 000000002b161001
0x000000002bc7eb00:   000000002bfa7150 000000002c965130
0x000000002bc7eb10:   00000000000000b7 0000000000000000
0x000000002bc7eb20:   000000002b11e3d0 000000002bc7eec0
0x000000002bc7eb30:   0000000032d50450 00000000000000b7
0x000000002bc7eb40:   0000000000000000 000000005c113178
0x000000002bc7eb50:   0000000000000000 0000000032d50450
0x000000002bc7eb60:   0000000000000000 00000000000000b7
0x000000002bc7eb70:   0000000000000000 00000000000000b7
0x000000002bc7eb80:   000000002bc7eec0 000000005c10ee52
0x000000002bc7eb90:   0000000032d50450 0000000000000000
0x000000002bc7eba0:   0000000032d50450 000000002d4ff7b8
0x000000002bc7ebb0:   0000000000000000 000000002bc7eec0
0x000000002bc7ebc0:   000000005c3550c8 00000000305b7070 

Instructions: (pc=0x000000005c112c24)
0x000000005c112c04:   8b f0 66 66 0f 1f 84 00 00 00 00 00 48 8b 45 38
0x000000005c112c14:   48 63 cb 44 8b cb 4c 8b 04 c8 45 2b ce 48 8b d6
0x000000005c112c24:   49 8b 40 18 48 8b cf 03 58 08 e8 3d ab ff ff 3b
0x000000005c112c34:   5d 30 7c d8 48 8b b4 24 88 00 00 00 44 89 75 30 


Register to memory mapping:

RAX=0x000000002bfa7240 is an unknown value
RBX=0x0000000000000008 is an unknown value
RCX=0x0000000000000008 is an unknown value
RDX=0x000000002bfa7150 is an unknown value
RSP=0x000000002bc7ead0 is pointing into the stack for thread: 0x000000002b161000
RBP=0x000000002bfa71b0 is an unknown value
RSI=0x000000002bfa7150 is an unknown value
RDI=0x000000002bc7eec0 is pointing into the stack for thread: 0x000000002b161000
R8 =0x0000000000000000 is an unknown value
R9 =0x0000000000000001 is an unknown value
R10=0x0000000000000001 is an unknown value
R11=0x000000002bfa6740 is an unknown value
R12=0x0000000000000000 is an unknown value
R13=0x0000000000000000 is an unknown value
R14=0x0000000000000007 is an unknown value
R15=0x000000002bfa6990 is an unknown value


Stack: [0x000000002bb80000,0x000000002bc80000],  sp=0x000000002bc7ead0,  free space=1018k
Native frames: (J=compiled Java code, j=interpreted, Vv=VM code, C=native code)
V  [jvm.dll+0x422c24]
V  [jvm.dll+0x423178]
V  [jvm.dll+0x41ee52]
V  [jvm.dll+0x421837]
V  [jvm.dll+0x42212d]
V  [jvm.dll+0x422522]
V  [jvm.dll+0x427635]
V  [jvm.dll+0x427740]
V  [jvm.dll+0x410d38]
V  [jvm.dll+0x410fa1]
V  [jvm.dll+0x411162]
V  [jvm.dll+0x411331]
V  [jvm.dll+0x41153f]
V  [jvm.dll+0xa6b02]
V  [jvm.dll+0xa744f]
V  [jvm.dll+0x245d2f]
V  [jvm.dll+0x29e64a]
C  [msvcr100.dll+0x21d9f]
C  [msvcr100.dll+0x21e3b]
C  [KERNEL32.DLL+0x11fe4]
C  [ntdll.dll+0x6cb31]


Current CompileTask:
C1: 204442 12829       3       WICKET_org.wickedsource.budgeteer.service.user.UserService$$EnhancerByCGLIB$$87f0e1e5::getUsersInProject (248 bytes)


---------------  P R O C E S S  ---------------

Java Threads: ( => current thread )
  0x000000002c94b800 JavaThread "JDWP Command Reader" daemon [_thread_in_native, id=4048, stack(0x000000003fd40000,0x000000003fe40000)]
  0x000000002c0fd000 JavaThread "http-nio-8080-exec-10" daemon [_thread_blocked, id=15892, stack(0x000000003f740000,0x000000003f840000)]
  0x000000002c100800 JavaThread "http-nio-8080-exec-9" daemon [_thread_blocked, id=11200, stack(0x000000003f3c0000,0x000000003f4c0000)]
  0x000000002c100000 JavaThread "http-nio-8080-exec-8" daemon [_thread_blocked, id=13792, stack(0x000000003f2c0000,0x000000003f3c0000)]
  0x000000002c0f5800 JavaThread "http-nio-8080-exec-7" daemon [_thread_blocked, id=13972, stack(0x000000003f1c0000,0x000000003f2c0000)]
  0x000000002c0fc000 JavaThread "http-nio-8080-exec-6" daemon [_thread_blocked, id=9136, stack(0x000000003f0c0000,0x000000003f1c0000)]
  0x000000002c0f4800 JavaThread "http-nio-8080-exec-5" daemon [_thread_blocked, id=14008, stack(0x000000003efc0000,0x000000003f0c0000)]
  0x000000002c0fb800 JavaThread "http-nio-8080-exec-4" daemon [_thread_blocked, id=4952, stack(0x000000003eec0000,0x000000003efc0000)]
  0x000000002c0f4000 JavaThread "ModificationWatcher Task" daemon [_thread_blocked, id=11148, stack(0x000000003e770000,0x000000003e870000)]
  0x000000002c0f7000 JavaThread "http-nio-8080-exec-3" daemon [_thread_blocked, id=984, stack(0x000000003e520000,0x000000003e620000)]
  0x000000002c0fa800 JavaThread "Wicket-PageSavingThread" daemon [_thread_blocked, id=12260, stack(0x000000003e420000,0x000000003e520000)]
  0x000000002c0f9000 JavaThread "http-nio-8080-exec-2" daemon [_thread_blocked, id=5728, stack(0x000000003e050000,0x000000003e150000)]
  0x000000002c0fa000 JavaThread "http-nio-8080-exec-1" daemon [_thread_blocked, id=11740, stack(0x000000003dd50000,0x000000003de50000)]
  0x000000002c0f6000 JavaThread "DestroyJavaVM" [_thread_blocked, id=10068, stack(0x0000000005270000,0x0000000005370000)]
  0x000000002c0f3000 JavaThread "http-nio-8080-AsyncTimeout" daemon [_thread_blocked, id=11276, stack(0x000000003dc50000,0x000000003dd50000)]
  0x000000002c0f8800 JavaThread "http-nio-8080-Acceptor-0" daemon [_thread_in_native, id=14560, stack(0x000000003d8c0000,0x000000003d9c0000)]
  0x000000002c0f1800 JavaThread "http-nio-8080-ClientPoller-1" daemon [_thread_in_native, id=528, stack(0x000000003d7c0000,0x000000003d8c0000)]
  0x000000002c0f7800 JavaThread "http-nio-8080-ClientPoller-0" daemon [_thread_in_native, id=1100, stack(0x000000003d6c0000,0x000000003d7c0000)]
  0x000000002c0f2800 JavaThread "NioBlockingSelector.BlockPoller-1" daemon [_thread_in_native, id=7804, stack(0x000000003d5c0000,0x000000003d6c0000)]
  0x0000000038aef000 JavaThread "container-0" [_thread_blocked, id=14856, stack(0x000000003cfd0000,0x000000003d0d0000)]
  0x000000002e2b7000 JavaThread "ContainerBackgroundProcessor[StandardEngine[Tomcat]]" daemon [_thread_blocked, id=6440, stack(0x00000000388b0000,0x00000000389b0000)]
  0x00000000301a2000 JavaThread "Abandoned connection cleanup thread" daemon [_thread_blocked, id=2532, stack(0x00000000311c0000,0x00000000312c0000)]
  0x000000003b3e8000 JavaThread "Tomcat JDBC Pool Cleaner[414493378:1534427590772]" daemon [_thread_blocked, id=10272, stack(0x000000002e870000,0x000000002e970000)]
  0x000000002c1b5000 JavaThread "FileSystemWatcher: files=#293 cl=sun.misc.Launcher$AppClassLoader@18b4aac2" daemon [_thread_blocked, id=1792, stack(0x000000002ce50000,0x000000002cf50000)]
  0x000000002b1f4000 JavaThread "Service Thread" daemon [_thread_blocked, id=12284, stack(0x000000002bc80000,0x000000002bd80000)]
=>0x000000002b161000 JavaThread "C1 CompilerThread3" daemon [_thread_in_native, id=11252, stack(0x000000002bb80000,0x000000002bc80000)]
  0x000000002b15f800 JavaThread "C2 CompilerThread2" daemon [_thread_blocked, id=13836, stack(0x000000002ba80000,0x000000002bb80000)]
  0x000000002b15c800 JavaThread "C2 CompilerThread1" daemon [_thread_blocked, id=7636, stack(0x000000002b980000,0x000000002ba80000)]
  0x000000002b15a000 JavaThread "C2 CompilerThread0" daemon [_thread_blocked, id=15032, stack(0x000000002b880000,0x000000002b980000)]
  0x000000002b139800 JavaThread "JDWP Event Helper Thread" daemon [_thread_blocked, id=376, stack(0x000000002b780000,0x000000002b880000)]
  0x000000002b12b800 JavaThread "JDWP Transport Listener: dt_socket" daemon [_thread_blocked, id=16084, stack(0x000000002b680000,0x000000002b780000)]
  0x000000002a59a800 JavaThread "Attach Listener" daemon [_thread_blocked, id=2564, stack(0x000000002ad80000,0x000000002ae80000)]
  0x000000002a599000 JavaThread "Signal Dispatcher" daemon [_thread_blocked, id=4252, stack(0x000000002ac80000,0x000000002ad80000)]
  0x000000002a580800 JavaThread "Finalizer" daemon [_thread_blocked, id=16180, stack(0x000000002a960000,0x000000002aa60000)]
  0x0000000028681000 JavaThread "Reference Handler" daemon [_thread_blocked, id=14096, stack(0x000000002a460000,0x000000002a560000)]

Other Threads:
  0x0000000028679000 VMThread [stack: 0x000000002a360000,0x000000002a460000] [id=15632]
  0x000000002b30e000 WatcherThread [stack: 0x000000002bd80000,0x000000002be80000] [id=13928]

VM state:not at safepoint (normal execution)

VM Mutex/Monitor currently owned by a thread: None

Heap:
 PSYoungGen      total 731136K, used 229223K [0x0000000715d00000, 0x0000000751a00000, 0x00000007c0000000)
  eden space 697344K, 29% used [0x0000000715d00000,0x00000007228b7018,0x0000000740600000)
  from space 33792K, 61% used [0x0000000740600000,0x0000000741a22e28,0x0000000742700000)
  to   space 33280K, 0% used [0x000000074f980000,0x000000074f980000,0x0000000751a00000)
 ParOldGen       total 449024K, used 61050K [0x00000005c1600000, 0x00000005dcc80000, 0x0000000715d00000)
  object space 449024K, 13% used [0x00000005c1600000,0x00000005c519ea18,0x00000005dcc80000)
 Metaspace       used 74294K, capacity 75846K, committed 75904K, reserved 1116160K
  class space    used 7992K, capacity 8316K, committed 8320K, reserved 1048576K

Card table byte_map: [0x00000000149f0000,0x00000000159f0000] byte_map_base: 0x0000000011be5000

Marking Bits: (ParMarkBitMap*) 0x000000005c512d00
 Begin Bits: [0x0000000016ca0000, 0x000000001ec48000)
 End Bits:   [0x000000001ec48000, 0x0000000026bf0000)

Polling page: 0x0000000005230000

CodeCache: size=245760Kb used=41962Kb max_used=42063Kb free=203798Kb
 bounds [0x0000000005630000, 0x0000000007f90000, 0x0000000014630000]
 total_blobs=11064 nmethods=10514 adapters=469
 compilation: enabled

Compilation events (10 events):
Event: 200.929 Thread 0x000000002b15a000 12825       4       org.hibernate.engine.loading.internal.LoadContexts::getCollectionLoadContext (78 bytes)
Event: 200.931 Thread 0x000000002b15c800 nmethod 12824 0x00000000057cb250 code [0x00000000057cb3c0, 0x00000000057cb658]
Event: 200.931 Thread 0x000000002b15f800 12826   !   4       org.springframework.security.access.method.DelegatingMethodSecurityMetadataSource::getAttributes (225 bytes)
Event: 200.941 Thread 0x000000002b15a000 nmethod 12825 0x0000000007f5f110 code [0x0000000007f5f300, 0x0000000007f5fe40]
Event: 201.458 Thread 0x000000002b15f800 nmethod 12826 0x0000000007f6d750 code [0x0000000007f6e360, 0x0000000007f79850]
Event: 204.371 Thread 0x000000002b161000 12827       3       org.wickedsource.budgeteer.web.pages.administration.UsersInProjectModel::getObject (70 bytes)
Event: 204.372 Thread 0x000000002b161000 nmethod 12827 0x000000000630e390 code [0x000000000630e5c0, 0x000000000630eee8]
Event: 204.373 Thread 0x000000002b161000 12828       3       org.wickedsource.budgeteer.web.pages.administration.UsersInProjectModel::getObject (143 bytes)
Event: 204.374 Thread 0x000000002b161000 nmethod 12828 0x00000000063dd5d0 code [0x00000000063dd920, 0x00000000063df298]
Event: 204.375 Thread 0x000000002b161000 12829       3       WICKET_org.wickedsource.budgeteer.service.user.UserService$$EnhancerByCGLIB$$87f0e1e5::getUsersInProject (248 bytes)

GC Heap History (10 events):
Event: 13.003 GC heap before
{Heap before GC invocations=10 (full 2):
 PSYoungGen      total 406528K, used 406497K [0x0000000715d00000, 0x000000073a400000, 0x00000007c0000000)
  eden space 392192K, 100% used [0x0000000715d00000,0x000000072dc00000,0x000000072dc00000)
  from space 14336K, 99% used [0x000000072dc00000,0x000000072e9f8410,0x000000072ea00000)
  to   space 19968K, 0% used [0x0000000739080000,0x0000000739080000,0x000000073a400000)
 ParOldGen       total 321536K, used 29455K [0x00000005c1600000, 0x00000005d5000000, 0x0000000715d00000)
  object space 321536K, 9% used [0x00000005c1600000,0x00000005c32c3c08,0x00000005d5000000)
 Metaspace       used 51553K, capacity 52116K, committed 52480K, reserved 1095680K
  class space    used 5975K, capacity 6110K, committed 6144K, reserved 1048576K
Event: 13.022 GC heap after
Heap after GC invocations=10 (full 2):
 PSYoungGen      total 572928K, used 19951K [0x0000000715d00000, 0x000000073b280000, 0x00000007c0000000)
  eden space 552960K, 0% used [0x0000000715d00000,0x0000000715d00000,0x0000000737900000)
  from space 19968K, 99% used [0x0000000739080000,0x000000073a3fbc10,0x000000073a400000)
  to   space 24064K, 0% used [0x0000000737900000,0x0000000737900000,0x0000000739080000)
 ParOldGen       total 321536K, used 33459K [0x00000005c1600000, 0x00000005d5000000, 0x0000000715d00000)
  object space 321536K, 10% used [0x00000005c1600000,0x00000005c36acf60,0x00000005d5000000)
 Metaspace       used 51553K, capacity 52116K, committed 52480K, reserved 1095680K
  class space    used 5975K, capacity 6110K, committed 6144K, reserved 1048576K
}
Event: 16.855 GC heap before
{Heap before GC invocations=11 (full 2):
 PSYoungGen      total 572928K, used 572911K [0x0000000715d00000, 0x000000073b280000, 0x00000007c0000000)
  eden space 552960K, 100% used [0x0000000715d00000,0x0000000737900000,0x0000000737900000)
  from space 19968K, 99% used [0x0000000739080000,0x000000073a3fbc10,0x000000073a400000)
  to   space 24064K, 0% used [0x0000000737900000,0x0000000737900000,0x0000000739080000)
 ParOldGen       total 321536K, used 33459K [0x00000005c1600000, 0x00000005d5000000, 0x0000000715d00000)
  object space 321536K, 10% used [0x00000005c1600000,0x00000005c36acf60,0x00000005d5000000)
 Metaspace       used 58005K, capacity 58562K, committed 59008K, reserved 1101824K
  class space    used 6589K, capacity 6715K, committed 6784K, reserved 1048576K
Event: 16.887 GC heap after
Heap after GC invocations=11 (full 2):
 PSYoungGen      total 577024K, used 24039K [0x0000000715d00000, 0x0000000744980000, 0x00000007c0000000)
  eden space 552960K, 0% used [0x0000000715d00000,0x0000000715d00000,0x0000000737900000)
  from space 24064K, 99% used [0x0000000737900000,0x0000000739079c78,0x0000000739080000)
  to   space 35328K, 0% used [0x0000000742700000,0x0000000742700000,0x0000000744980000)
 ParOldGen       total 321536K, used 53829K [0x00000005c1600000, 0x00000005d5000000, 0x0000000715d00000)
  object space 321536K, 16% used [0x00000005c1600000,0x00000005c4a917e8,0x00000005d5000000)
 Metaspace       used 58005K, capacity 58562K, committed 59008K, reserved 1101824K
  class space    used 6589K, capacity 6715K, committed 6784K, reserved 1048576K
}
Event: 17.174 GC heap before
{Heap before GC invocations=12 (full 2):
 PSYoungGen      total 577024K, used 55701K [0x0000000715d00000, 0x0000000744980000, 0x00000007c0000000)
  eden space 552960K, 5% used [0x0000000715d00000,0x0000000717beb830,0x0000000737900000)
  from space 24064K, 99% used [0x0000000737900000,0x0000000739079c78,0x0000000739080000)
  to   space 35328K, 0% used [0x0000000742700000,0x0000000742700000,0x0000000744980000)
 ParOldGen       total 321536K, used 53829K [0x00000005c1600000, 0x00000005d5000000, 0x0000000715d00000)
  object space 321536K, 16% used [0x00000005c1600000,0x00000005c4a917e8,0x00000005d5000000)
 Metaspace       used 58229K, capacity 58818K, committed 59008K, reserved 1101824K
  class space    used 6623K, capacity 6779K, committed 6784K, reserved 1048576K
Event: 17.192 GC heap after
Heap after GC invocations=12 (full 2):
 PSYoungGen      total 732672K, used 17289K [0x0000000715d00000, 0x0000000748b80000, 0x00000007c0000000)
  eden space 697344K, 0% used [0x0000000715d00000,0x0000000715d00000,0x0000000740600000)
  from space 35328K, 48% used [0x0000000742700000,0x00000007437e2658,0x0000000744980000)
  to   space 33792K, 0% used [0x0000000740600000,0x0000000740600000,0x0000000742700000)
 ParOldGen       total 321536K, used 61598K [0x00000005c1600000, 0x00000005d5000000, 0x0000000715d00000)
  object space 321536K, 19% used [0x00000005c1600000,0x00000005c5227af8,0x00000005d5000000)
 Metaspace       used 58229K, capacity 58818K, committed 59008K, reserved 1101824K
  class space    used 6623K, capacity 6779K, committed 6784K, reserved 1048576K
}
Event: 17.192 GC heap before
{Heap before GC invocations=13 (full 3):
 PSYoungGen      total 732672K, used 17289K [0x0000000715d00000, 0x0000000748b80000, 0x00000007c0000000)
  eden space 697344K, 0% used [0x0000000715d00000,0x0000000715d00000,0x0000000740600000)
  from space 35328K, 48% used [0x0000000742700000,0x00000007437e2658,0x0000000744980000)
  to   space 33792K, 0% used [0x0000000740600000,0x0000000740600000,0x0000000742700000)
 ParOldGen       total 321536K, used 61598K [0x00000005c1600000, 0x00000005d5000000, 0x0000000715d00000)
  object space 321536K, 19% used [0x00000005c1600000,0x00000005c5227af8,0x00000005d5000000)
 Metaspace       used 58229K, capacity 58818K, committed 59008K, reserved 1101824K
  class space    used 6623K, capacity 6779K, committed 6784K, reserved 1048576K
Event: 17.386 GC heap after
Heap after GC invocations=13 (full 3):
 PSYoungGen      total 732672K, used 0K [0x0000000715d00000, 0x0000000748b80000, 0x00000007c0000000)
  eden space 697344K, 0% used [0x0000000715d00000,0x0000000715d00000,0x0000000740600000)
  from space 35328K, 0% used [0x0000000742700000,0x0000000742700000,0x0000000744980000)
  to   space 33792K, 0% used [0x0000000740600000,0x0000000740600000,0x0000000742700000)
 ParOldGen       total 449024K, used 61042K [0x00000005c1600000, 0x00000005dcc80000, 0x0000000715d00000)
  object space 449024K, 13% used [0x00000005c1600000,0x00000005c519ca18,0x00000005dcc80000)
 Metaspace       used 58229K, capacity 58818K, committed 59008K, reserved 1101824K
  class space    used 6623K, capacity 6779K, committed 6784K, reserved 1048576K
}
Event: 32.543 GC heap before
{Heap before GC invocations=14 (full 3):
 PSYoungGen      total 732672K, used 697344K [0x0000000715d00000, 0x0000000748b80000, 0x00000007c0000000)
  eden space 697344K, 100% used [0x0000000715d00000,0x0000000740600000,0x0000000740600000)
  from space 35328K, 0% used [0x0000000742700000,0x0000000742700000,0x0000000744980000)
  to   space 33792K, 0% used [0x0000000740600000,0x0000000740600000,0x0000000742700000)
 ParOldGen       total 449024K, used 61042K [0x00000005c1600000, 0x00000005dcc80000, 0x0000000715d00000)
  object space 449024K, 13% used [0x00000005c1600000,0x00000005c519ca18,0x00000005dcc80000)
 Metaspace       used 71981K, capacity 73160K, committed 73216K, reserved 1114112K
  class space    used 7876K, capacity 8163K, committed 8192K, reserved 1048576K
Event: 32.561 GC heap after
Heap after GC invocations=14 (full 3):
 PSYoungGen      total 731136K, used 20619K [0x0000000715d00000, 0x0000000751a00000, 0x00000007c0000000)
  eden space 697344K, 0% used [0x0000000715d00000,0x0000000715d00000,0x0000000740600000)
  from space 33792K, 61% used [0x0000000740600000,0x0000000741a22e28,0x0000000742700000)
  to   space 33280K, 0% used [0x000000074f980000,0x000000074f980000,0x0000000751a00000)
 ParOldGen       total 449024K, used 61050K [0x00000005c1600000, 0x00000005dcc80000, 0x0000000715d00000)
  object space 449024K, 13% used [0x00000005c1600000,0x00000005c519ea18,0x00000005dcc80000)
 Metaspace       used 71981K, capacity 73160K, committed 73216K, reserved 1114112K
  class space    used 7876K, capacity 8163K, committed 8192K, reserved 1048576K
}

Deoptimization events (10 events):
Event: 52.065 Thread 0x000000002c0f5800 Uncommon trap: reason=predicate action=maybe_recompile pc=0x00000000078659d4 method=java.util.Arrays.fill([Ljava/lang/Object;IILjava/lang/Object;)V @ 16
Event: 53.942 Thread 0x000000002c0f7000 Uncommon trap: reason=array_check action=maybe_recompile pc=0x000000000788e928 method=java.util.Arrays.fill([Ljava/lang/Object;IILjava/lang/Object;)V @ 20
Event: 53.942 Thread 0x000000002c0f7000 Uncommon trap: reason=array_check action=maybe_recompile pc=0x000000000788e928 method=java.util.Arrays.fill([Ljava/lang/Object;IILjava/lang/Object;)V @ 20
Event: 53.943 Thread 0x000000002c0f7000 Uncommon trap: reason=array_check action=maybe_recompile pc=0x000000000788e928 method=java.util.Arrays.fill([Ljava/lang/Object;IILjava/lang/Object;)V @ 20
Event: 53.943 Thread 0x000000002c0f7000 Uncommon trap: reason=array_check action=maybe_recompile pc=0x000000000788e928 method=java.util.Arrays.fill([Ljava/lang/Object;IILjava/lang/Object;)V @ 20
Event: 67.002 Thread 0x000000002c0fd000 Uncommon trap: reason=class_check action=maybe_recompile pc=0x0000000007766920 method=org.apache.wicket.Component.getMetaData(Lorg/apache/wicket/MetaDataKey;)Ljava/io/Serializable; @ 8
Event: 67.002 Thread 0x000000002c0fd000 Uncommon trap: reason=class_check action=maybe_recompile pc=0x00000000078af014 method=org.apache.wicket.Component.getMetaData(Lorg/apache/wicket/MetaDataKey;)Ljava/io/Serializable; @ 8
Event: 67.002 Thread 0x000000002c0fd000 Uncommon trap: reason=class_check action=maybe_recompile pc=0x0000000007766920 method=org.apache.wicket.Component.getMetaData(Lorg/apache/wicket/MetaDataKey;)Ljava/io/Serializable; @ 8
Event: 67.002 Thread 0x000000002c0fd000 Uncommon trap: reason=class_check action=maybe_recompile pc=0x00000000078af014 method=org.apache.wicket.Component.getMetaData(Lorg/apache/wicket/MetaDataKey;)Ljava/io/Serializable; @ 8
Event: 67.008 Thread 0x000000002c0fd000 Uncommon trap: reason=class_check action=maybe_recompile pc=0x0000000007766920 method=org.apache.wicket.Component.getMetaData(Lorg/apache/wicket/MetaDataKey;)Ljava/io/Serializable; @ 8

Classes redefined (0 events):
No events

Internal exceptions (10 events):
Event: 18.013 Thread 0x000000002c0f7000 Exception <a 'java/lang/NoSuchMethodError': <clinit>> (0x0000000720cd8510) thrown at [C:\re\workspace\8-2-build-windows-amd64-cygwin\jdk8u181\11358\hotspot\src\share\vm\prims\jni.cpp, line 1613]
Event: 18.199 Thread 0x000000002c0fd000 Exception <a 'java/io/FileNotFoundException'> (0x0000000722765bc0) thrown at [C:\re\workspace\8-2-build-windows-amd64-cygwin\jdk8u181\11358\hotspot\src\share\vm\prims\jni.cpp, line 709]
Event: 18.199 Thread 0x000000002c0fd000 Exception <a 'java/io/FileNotFoundException'> (0x0000000722766a58) thrown at [C:\re\workspace\8-2-build-windows-amd64-cygwin\jdk8u181\11358\hotspot\src\share\vm\prims\jni.cpp, line 709]
Event: 20.502 Thread 0x000000002c0fa000 Exception <a 'java/lang/reflect/InvocationTargetException'> (0x0000000723b43d80) thrown at [C:\re\workspace\8-2-build-windows-amd64-cygwin\jdk8u181\11358\hotspot\src\share\vm\runtime\reflection.cpp, line 1092]
Event: 20.502 Thread 0x000000002c0fa000 Exception <a 'java/lang/NoSuchMethodError': <clinit>> (0x0000000723b44950) thrown at [C:\re\workspace\8-2-build-windows-amd64-cygwin\jdk8u181\11358\hotspot\src\share\vm\prims\jni.cpp, line 1613]
Event: 20.800 Thread 0x000000002c0fa000 Exception <a 'java/lang/reflect/InvocationTargetException'> (0x000000072e73ee58) thrown at [C:\re\workspace\8-2-build-windows-amd64-cygwin\jdk8u181\11358\hotspot\src\share\vm\runtime\reflection.cpp, line 1092]
Event: 20.800 Thread 0x000000002c0fa000 Exception <a 'java/lang/NoSuchMethodError': <clinit>> (0x000000072e73f840) thrown at [C:\re\workspace\8-2-build-windows-amd64-cygwin\jdk8u181\11358\hotspot\src\share\vm\prims\jni.cpp, line 1613]
Event: 27.106 Thread 0x000000002c0f4800 Exception <a 'java/lang/NoSuchMethodError': <clinit>> (0x000000073a962f90) thrown at [C:\re\workspace\8-2-build-windows-amd64-cygwin\jdk8u181\11358\hotspot\src\share\vm\prims\jni.cpp, line 1613]
Event: 34.878 Thread 0x000000002c0f9000 Exception <a 'java/lang/ClassNotFoundException': java/lang/ObjectCustomizer> (0x0000000717362a80) thrown at [C:\re\workspace\8-2-build-windows-amd64-cygwin\jdk8u181\11358\hotspot\src\share\vm\classfile\systemDictionary.cpp, line 210]
Event: 34.879 Thread 0x000000002c0f9000 Exception <a 'java/lang/ClassNotFoundException': org/wickedsource/budgeteer/persistence/user/UserEntityCustomizer> (0x0000000717391138) thrown at [C:\re\workspace\8-2-build-windows-amd64-cygwin\jdk8u181\11358\hotspot\src\share\vm\classfile\systemDictionar

Events (10 events):
Event: 204.375 Thread 0x000000002b161000 flushing nmethod 0x00000000067e8e50
Event: 204.375 Thread 0x000000002b161000 flushing nmethod 0x0000000006813910
Event: 204.375 Thread 0x000000002b161000 flushing nmethod 0x0000000006942490
Event: 204.375 Thread 0x000000002b161000 flushing nmethod 0x0000000006942e90
Event: 204.375 Thread 0x000000002b161000 flushing nmethod 0x0000000006944ad0
Event: 204.375 Thread 0x000000002b161000 flushing nmethod 0x0000000006946050
Event: 204.375 Thread 0x000000002b161000 flushing nmethod 0x0000000006947b10
Event: 204.375 Thread 0x000000002b161000 flushing nmethod 0x000000000694af90
Event: 204.376 Executing VM operation: ForceSafepoint
Event: 204.376 Executing VM operation: ForceSafepoint done


Dynamic libraries:
0x00007ff6decb0000 - 0x00007ff6dece7000 	C:\Program Files\Java\jdk1.8.0_181\bin\java.exe
0x00007ffd60030000 - 0x00007ffd60210000 	C:\WINDOWS\SYSTEM32\ntdll.dll
0x00007ffd5d8e0000 - 0x00007ffd5d98e000 	C:\WINDOWS\System32\KERNEL32.DLL
0x00007ffd5c7f0000 - 0x00007ffd5ca56000 	C:\WINDOWS\System32\KERNELBASE.dll
0x00007ffd5d9a0000 - 0x00007ffd5da41000 	C:\WINDOWS\System32\ADVAPI32.dll
0x00007ffd5d790000 - 0x00007ffd5d82d000 	C:\WINDOWS\System32\msvcrt.dll
0x00007ffd5f800000 - 0x00007ffd5f85b000 	C:\WINDOWS\System32\sechost.dll
0x00007ffd5f310000 - 0x00007ffd5f42f000 	C:\WINDOWS\System32\RPCRT4.dll
0x00007ffd5db10000 - 0x00007ffd5dc9f000 	C:\WINDOWS\System32\USER32.dll
0x00007ffd5c6e0000 - 0x00007ffd5c700000 	C:\WINDOWS\System32\win32u.dll
0x00007ffd5dac0000 - 0x00007ffd5dae8000 	C:\WINDOWS\System32\GDI32.dll
0x00007ffd5c540000 - 0x00007ffd5c6d3000 	C:\WINDOWS\System32\gdi32full.dll
0x00007ffd5c750000 - 0x00007ffd5c7eb000 	C:\WINDOWS\System32\msvcp_win.dll
0x00007ffd5cae0000 - 0x00007ffd5cbd5000 	C:\WINDOWS\System32\ucrtbase.dll
0x00007ffd57280000 - 0x00007ffd574e9000 	C:\WINDOWS\WinSxS\amd64_microsoft.windows.common-controls_6595b64144ccf1df_6.0.16299.547_none_15cdd76c936033f5\COMCTL32.dll
0x00007ffd5f430000 - 0x00007ffd5f737000 	C:\WINDOWS\System32\combase.dll
0x00007ffd5ca60000 - 0x00007ffd5cad2000 	C:\WINDOWS\System32\bcryptPrimitives.dll
0x00007ffd5ffd0000 - 0x00007ffd5fffd000 	C:\WINDOWS\System32\IMM32.DLL
0x000000005c5c0000 - 0x000000005c692000 	C:\Program Files\Java\jdk1.8.0_181\jre\bin\msvcr100.dll
0x000000005bcf0000 - 0x000000005c592000 	C:\Program Files\Java\jdk1.8.0_181\jre\bin\server\jvm.dll
0x00007ffd5d990000 - 0x00007ffd5d998000 	C:\WINDOWS\System32\PSAPI.DLL
0x00007ffd57530000 - 0x00007ffd57553000 	C:\WINDOWS\SYSTEM32\WINMM.dll
0x00007ffd51740000 - 0x00007ffd51749000 	C:\WINDOWS\SYSTEM32\WSOCK32.dll
0x00007ffd57600000 - 0x00007ffd5760a000 	C:\WINDOWS\SYSTEM32\VERSION.dll
0x00007ffd5da50000 - 0x00007ffd5dabc000 	C:\WINDOWS\System32\WS2_32.dll
0x00007ffd574f0000 - 0x00007ffd5751a000 	C:\WINDOWS\SYSTEM32\winmmbase.dll
0x00007ffd5c700000 - 0x00007ffd5c74a000 	C:\WINDOWS\System32\cfgmgr32.dll
0x000000005d0c0000 - 0x000000005d0cf000 	C:\Program Files\Java\jdk1.8.0_181\jre\bin\verify.dll
0x000000005d090000 - 0x000000005d0b9000 	C:\Program Files\Java\jdk1.8.0_181\jre\bin\java.dll
0x000000005bc70000 - 0x000000005bca5000 	C:\Program Files\Java\jdk1.8.0_181\jre\bin\jdwp.dll
0x000000005bc40000 - 0x000000005bc63000 	C:\Program Files\Java\jdk1.8.0_181\jre\bin\instrument.dll
0x000000005bc30000 - 0x000000005bc38000 	C:\Program Files\Java\jdk1.8.0_181\jre\bin\npt.dll
0x000000005d070000 - 0x000000005d086000 	C:\Program Files\Java\jdk1.8.0_181\jre\bin\zip.dll
0x00007ffd5de50000 - 0x00007ffd5f288000 	C:\WINDOWS\System32\SHELL32.dll
0x00007ffd5d500000 - 0x00007ffd5d5a6000 	C:\WINDOWS\System32\shcore.dll
0x00007ffd5cbe0000 - 0x00007ffd5d327000 	C:\WINDOWS\System32\windows.storage.dll
0x00007ffd5dca0000 - 0x00007ffd5dcf1000 	C:\WINDOWS\System32\shlwapi.dll
0x00007ffd5c410000 - 0x00007ffd5c421000 	C:\WINDOWS\System32\kernel.appcore.dll
0x00007ffd5c380000 - 0x00007ffd5c3cc000 	C:\WINDOWS\System32\powrprof.dll
0x00007ffd5c3f0000 - 0x00007ffd5c40b000 	C:\WINDOWS\System32\profapi.dll
0x000000005bc20000 - 0x000000005bc29000 	C:\Program Files\Java\jdk1.8.0_181\jre\bin\dt_socket.dll
0x00007ffd5bbb0000 - 0x00007ffd5bc16000 	C:\WINDOWS\system32\mswsock.dll
0x000000005d050000 - 0x000000005d06a000 	C:\Program Files\Java\jdk1.8.0_181\jre\bin\net.dll
0x00007ffd4f900000 - 0x00007ffd4f916000 	C:\WINDOWS\system32\napinsp.dll
0x00007ffd4f9a0000 - 0x00007ffd4f9ba000 	C:\WINDOWS\system32\pnrpnsp.dll
0x00007ffd57d60000 - 0x00007ffd57d78000 	C:\WINDOWS\system32\NLAapi.dll
0x00007ffd5b980000 - 0x00007ffd5ba36000 	C:\WINDOWS\SYSTEM32\DNSAPI.dll
0x00007ffd5f860000 - 0x00007ffd5f868000 	C:\WINDOWS\System32\NSI.dll
0x00007ffd5b940000 - 0x00007ffd5b979000 	C:\WINDOWS\SYSTEM32\IPHLPAPI.DLL
0x00007ffd4f490000 - 0x00007ffd4f49e000 	C:\WINDOWS\System32\winrnr.dll
0x00007ffd562e0000 - 0x00007ffd562ea000 	C:\Windows\System32\rasadhlp.dll
0x00007ffd59b10000 - 0x00007ffd59b80000 	C:\WINDOWS\System32\fwpuclnt.dll
0x00007ffd5bee0000 - 0x00007ffd5bf05000 	C:\WINDOWS\SYSTEM32\bcrypt.dll
0x000000005d040000 - 0x000000005d04d000 	C:\Program Files\Java\jdk1.8.0_181\jre\bin\management.dll
0x000000005cfc0000 - 0x000000005cfd1000 	C:\Program Files\Java\jdk1.8.0_181\jre\bin\nio.dll
0x00007ffd5bd80000 - 0x00007ffd5bd97000 	C:\WINDOWS\SYSTEM32\CRYPTSP.dll
0x00007ffd5b7b0000 - 0x00007ffd5b7e3000 	C:\WINDOWS\system32\rsaenh.dll
0x00007ffd5c2b0000 - 0x00007ffd5c2d9000 	C:\WINDOWS\SYSTEM32\USERENV.dll
0x00007ffd5bd70000 - 0x00007ffd5bd7b000 	C:\WINDOWS\SYSTEM32\CRYPTBASE.dll
0x00007ffd59af0000 - 0x00007ffd59b06000 	C:\WINDOWS\SYSTEM32\dhcpcsvc6.DLL
0x00007ffd59ad0000 - 0x00007ffd59aea000 	C:\WINDOWS\SYSTEM32\dhcpcsvc.DLL
0x00007ffd4f650000 - 0x00007ffd4f818000 	C:\WINDOWS\SYSTEM32\dbghelp.dll

VM Arguments:
jvm_args: -Dserver.port=8080 -Dspring.datasource.password -Dspring.datasource.url=jdbc:hsqldb:hsql://localhost/budgeteer -Dspring.datasource.username=sa -Dspring.jpa.hibernate.ddl-auto=update -Dwicket.configurationType=DEVELOPMENT -Xdebug -Xrunjdwp:transport=dt_socket,server=y,suspend=n,address=9009 -javaagent:C:\Users\atanasov\.gradle\caches\modules-2\files-2.1\org.springframework\springloaded\1.2.5.RELEASE\5286364198a1f41d028c1d758ef7e44d2b63d6b1\springloaded-1.2.5.RELEASE.jar -Xverify:none -Dfile.encoding=windows-1252 -Duser.country=DE -Duser.language=de -Duser.variant 
java_command: org.wickedsource.budgeteer.boot.BudgeteerBooter
java_class_path (initial): C:\Users\atanasov\workspace\BUDGETEER\budgeteer\budgeteer-web-interface\build\classes\java\main;C:\Users\atanasov\workspace\BUDGETEER\budgeteer\budgeteer-web-interface\build\resources\main;C:\Users\atanasov\workspace\BUDGETEER\budgeteer\budgeteer-web-interface\lib\ojdbc7.jar;C:\Users\atanasov\workspace\BUDGETEER\budgeteer\budgeteer-web-interface\lib\orai18n.jar;C:\Users\atanasov\workspace\BUDGETEER\budgeteer\budgeteer-aproda-importer\build\libs\budgeteer-aproda-importer-1.0.9.BETA-local.jar;C:\Users\atanasov\workspace\BUDGETEER\budgeteer\budgeteer-ubw-importer\build\libs\budgeteer-ubw-importer-1.0.9.BETA-local.jar;C:\Users\atanasov\workspace\BUDGETEER\budgeteer\budgeteer-resourceplan-importer\build\libs\budgeteer-resourceplan-importer-1.0.9.BETA-local.jar;C:\Users\atanasov\workspace\BUDGETEER\budgeteer\budgeteer-report-exporter\build\libs\budgeteer-report-exporter-1.0.9.BETA-local.jar;C:\Users\atanasov\.gradle\caches\modules-2\files-2.1\org.springframework.boot\spring-boot-starter-web\1.5.2.RELEASE\27f29876980c079b46be16b759eafe92720f3338\spring-boot-starter-web-1.5.2.RELEASE.jar;C:\Users\atanasov\.gradle\caches\modules-2\files-2.1\org.springframework\spring-webmvc\4.3.14.RELEASE\1571eab8a807005d424ca16fedd54b1f439787b2\spring-webmvc-4.3.14.RELEASE.jar;C:\Users\atanasov\.gradle\caches\modules-2\files-2.1\org.springframework.boot\spring-boot-starter-security\1.5.2.RELEASE\9d7dcade0fd23664247d8d1ab1bb44cf7ed1edf7\spring-boot-starter-security-1.5.2.RELEASE.jar;C:\Users\atanasov\.gradle\caches\modules-2\files-2.1\org.springframework.security\spring-security-web\4.2.2.RELEASE\632c66fc1c826748f64867689c6688765db593c9\spring-security-web-4.2.2.RELEASE.jar;C:\Users\atanasov\.gradle\caches\modules-2\files-2.1\org.springframework\spring-web\4.3.14.RELEASE\a0c3bf3ad661db185675bd5af350f35ed11f0903\spring-web-4.3.14.RELEASE.jar;C:\Users\atanasov\.gradle\caches\modules-2\files-2.1\org.apache.wicket\wicket-spring\7.6.0\8a40929d0b76c0fd65d4b6a71526ad316
Launcher Type: SUN_STANDARD

Environment Variables:
JAVA_HOME=C:\Program Files\Java\jdk1.8.0_161
PATH=C:\oraclexe\app\oracle\product\11.2.0\server\bin;;C:\Program Files (x86)\Common Files\Oracle\Java\javapath;C:\ProgramData\Oracle\Java\javapath;C:\WINDOWS\system32;C:\WINDOWS;C:\WINDOWS\System32\Wbem;C:\WINDOWS\System32\WindowsPowerShell\v1.0\;C:\Program Files\dotnet\;C:\Program Files\Git\cmd;C:\Ruby24-x64\bin;C:\Users\atanasov\AppData\Local\Microsoft\WindowsApps;C:\Users\atanasov\Desktop\terminalMath-master\windows\bin\Release;C:\Program Files\apache-maven-3.5.2\bin;C:\Users\atanasov\eclipse-workspace\slavicTales\VS_libs;C:\Program Files\Java\jdk1.8.0_161\bin;C:\Users\atanasov\AppData\Local\Microsoft\WindowsApps;C:\Program Files\Microsoft VS Code\bin;C:\Users\atanasov\AppData\Local\Google\Cloud SDK\google-cloud-sdk\bin
USERNAME=atanasov
OS=Windows_NT
PROCESSOR_IDENTIFIER=Intel64 Family 6 Model 58 Stepping 9, GenuineIntel



---------------  S Y S T E M  ---------------

OS: Windows 10.0 , 64 bit Build 16299 (10.0.16299.431)

CPU:total 8 (initial active 8) (4 cores per cpu, 2 threads per core) family 6 model 58 stepping 9, cmov, cx8, fxsr, mmx, sse, sse2, sse3, ssse3, sse4.1, sse4.2, popcnt, avx, aes, clmul, erms, ht, tsc, tscinvbit, tscinv

Memory: 4k page, physical 33458876k(20218760k free), swap 38439612k(22058624k free)

vm_info: Java HotSpot(TM) 64-Bit Server VM (25.181-b13) for windows-amd64 JRE (1.8.0_181-b13), built on Jul  7 2018 04:01:33 by "java_re" with MS VC++ 10.0 (VS2010)

time: Thu Aug 16 15:56:29 2018
elapsed time: 204 seconds (0d 0h 3m 24s)

